2023-06-14T17:20:33.305+0100 [DEBUG] [org.gradle.launcher.daemon.bootstrap.DaemonMain] Assuming the daemon was started with following jvm opts: [--add-opens=java.base/java.util=ALL-UNNAMED, --add-opens=java.base/java.lang=ALL-UNNAMED, --add-opens=java.base/java.lang.invoke=ALL-UNNAMED, --add-opens=java.prefs/java.util.prefs=ALL-UNNAMED, --add-opens=java.base/java.nio.charset=ALL-UNNAMED, --add-opens=java.base/java.net=ALL-UNNAMED, --add-opens=java.base/java.util.concurrent.atomic=ALL-UNNAMED, -Xmx2048m, -Dfile.encoding=UTF-8, -Duser.country=GB, -Duser.language=en, -Duser.variant]
2023-06-14T17:20:33.414+0100 [INFO] [org.gradle.launcher.daemon.server.Daemon] start() called on daemon - DefaultDaemonContext[uid=9188323a-b6eb-45b4-980c-216c5f353e2f,javaHome=/Applications/Android Studio.app/Contents/jbr/Contents/Home,daemonRegistryDir=/Users/dominicqu/Documents/Year2/DRP/NightGuide/gradle/daemon,pid=48814,idleTimeout=10800000,priority=NORMAL,daemonOpts=--add-opens=java.base/java.util=ALL-UNNAMED,--add-opens=java.base/java.lang=ALL-UNNAMED,--add-opens=java.base/java.lang.invoke=ALL-UNNAMED,--add-opens=java.prefs/java.util.prefs=ALL-UNNAMED,--add-opens=java.base/java.nio.charset=ALL-UNNAMED,--add-opens=java.base/java.net=ALL-UNNAMED,--add-opens=java.base/java.util.concurrent.atomic=ALL-UNNAMED,-Xmx2048m,-Dfile.encoding=UTF-8,-Duser.country=GB,-Duser.language=en,-Duser.variant]
2023-06-14T17:20:33.442+0100 [DEBUG] [org.gradle.internal.remote.internal.inet.InetAddresses] Adding IP addresses for network interface utun2
2023-06-14T17:20:33.442+0100 [DEBUG] [org.gradle.internal.remote.internal.inet.InetAddresses] Is this a loopback interface? false
2023-06-14T17:20:33.442+0100 [DEBUG] [org.gradle.internal.remote.internal.inet.InetAddresses] Adding remote address /fe80:0:0:0:6840:b5b3:1dc1:a48d%utun2
2023-06-14T17:20:33.443+0100 [DEBUG] [org.gradle.internal.remote.internal.inet.InetAddresses] Adding IP addresses for network interface utun1
2023-06-14T17:20:33.443+0100 [DEBUG] [org.gradle.internal.remote.internal.inet.InetAddresses] Is this a loopback interface? false
2023-06-14T17:20:33.444+0100 [DEBUG] [org.gradle.internal.remote.internal.inet.InetAddresses] Adding remote address /fe80:0:0:0:ce81:b1c:bd2c:69e%utun1
2023-06-14T17:20:33.444+0100 [DEBUG] [org.gradle.internal.remote.internal.inet.InetAddresses] Adding IP addresses for network interface utun0
2023-06-14T17:20:33.444+0100 [DEBUG] [org.gradle.internal.remote.internal.inet.InetAddresses] Is this a loopback interface? false
2023-06-14T17:20:33.444+0100 [DEBUG] [org.gradle.internal.remote.internal.inet.InetAddresses] Adding remote address /fe80:0:0:0:af19:20c7:498c:c65e%utun0
2023-06-14T17:20:33.444+0100 [DEBUG] [org.gradle.internal.remote.internal.inet.InetAddresses] Adding IP addresses for network interface llw0
2023-06-14T17:20:33.444+0100 [DEBUG] [org.gradle.internal.remote.internal.inet.InetAddresses] Is this a loopback interface? false
2023-06-14T17:20:33.445+0100 [DEBUG] [org.gradle.internal.remote.internal.inet.InetAddresses] Adding remote address /fe80:0:0:0:b013:17ff:fea8:e1b%llw0
2023-06-14T17:20:33.445+0100 [DEBUG] [org.gradle.internal.remote.internal.inet.InetAddresses] Adding IP addresses for network interface awdl0
2023-06-14T17:20:33.445+0100 [DEBUG] [org.gradle.internal.remote.internal.inet.InetAddresses] Is this a loopback interface? false
2023-06-14T17:20:33.445+0100 [DEBUG] [org.gradle.internal.remote.internal.inet.InetAddresses] Adding remote address /fe80:0:0:0:b013:17ff:fea8:e1b%awdl0
2023-06-14T17:20:33.445+0100 [DEBUG] [org.gradle.internal.remote.internal.inet.InetAddresses] Adding IP addresses for network interface anpi0
2023-06-14T17:20:33.445+0100 [DEBUG] [org.gradle.internal.remote.internal.inet.InetAddresses] Is this a loopback interface? false
2023-06-14T17:20:33.445+0100 [DEBUG] [org.gradle.internal.remote.internal.inet.InetAddresses] Adding remote address /fe80:0:0:0:8825:d8ff:feac:f863%anpi0
2023-06-14T17:20:33.445+0100 [DEBUG] [org.gradle.internal.remote.internal.inet.InetAddresses] Adding IP addresses for network interface anpi1
2023-06-14T17:20:33.446+0100 [DEBUG] [org.gradle.internal.remote.internal.inet.InetAddresses] Is this a loopback interface? false
2023-06-14T17:20:33.446+0100 [DEBUG] [org.gradle.internal.remote.internal.inet.InetAddresses] Adding remote address /fe80:0:0:0:8825:d8ff:feac:f864%anpi1
2023-06-14T17:20:33.446+0100 [DEBUG] [org.gradle.internal.remote.internal.inet.InetAddresses] Adding IP addresses for network interface en0
2023-06-14T17:20:33.446+0100 [DEBUG] [org.gradle.internal.remote.internal.inet.InetAddresses] Is this a loopback interface? false
2023-06-14T17:20:33.446+0100 [DEBUG] [org.gradle.internal.remote.internal.inet.InetAddresses] Adding remote address /2a0c:5bc0:40:2e31:f4e0:1c57:3d13:8b4e%en0
2023-06-14T17:20:33.446+0100 [DEBUG] [org.gradle.internal.remote.internal.inet.InetAddresses] Adding remote address /2a0c:5bc0:40:2e31:1091:f1b9:8cc4:177d%en0
2023-06-14T17:20:33.446+0100 [DEBUG] [org.gradle.internal.remote.internal.inet.InetAddresses] Adding remote address /fe80:0:0:0:496:91cc:e384:ef8c%en0
2023-06-14T17:20:33.446+0100 [DEBUG] [org.gradle.internal.remote.internal.inet.InetAddresses] Adding remote address /146.169.169.137
2023-06-14T17:20:33.446+0100 [DEBUG] [org.gradle.internal.remote.internal.inet.InetAddresses] Adding IP addresses for network interface lo0
2023-06-14T17:20:33.447+0100 [DEBUG] [org.gradle.internal.remote.internal.inet.InetAddresses] Is this a loopback interface? true
2023-06-14T17:20:33.447+0100 [DEBUG] [org.gradle.internal.remote.internal.inet.InetAddresses] Ignoring remote address on loopback interface /fe80:0:0:0:0:0:0:1%lo0
2023-06-14T17:20:33.447+0100 [DEBUG] [org.gradle.internal.remote.internal.inet.InetAddresses] Adding loopback address /0:0:0:0:0:0:0:1%lo0
2023-06-14T17:20:33.447+0100 [DEBUG] [org.gradle.internal.remote.internal.inet.InetAddresses] Adding loopback address /127.0.0.1
2023-06-14T17:20:33.450+0100 [DEBUG] [org.gradle.internal.remote.internal.inet.TcpIncomingConnector] Listening on [278626a6-83e4-4e68-a5ec-e3924d4e5a82 port:61295, addresses:[localhost/127.0.0.1]].
2023-06-14T17:20:33.457+0100 [DEBUG] [org.gradle.launcher.daemon.server.Daemon] Daemon starting at: Wed Jun 14 17:20:33 BST 2023, with address: [278626a6-83e4-4e68-a5ec-e3924d4e5a82 port:61295, addresses:[localhost/127.0.0.1]]
2023-06-14T17:20:33.457+0100 [INFO] [org.gradle.launcher.daemon.server.DaemonRegistryUpdater] Advertising the daemon address to the clients: [278626a6-83e4-4e68-a5ec-e3924d4e5a82 port:61295, addresses:[localhost/127.0.0.1]]
2023-06-14T17:20:33.457+0100 [DEBUG] [org.gradle.launcher.daemon.server.DaemonRegistryUpdater] Advertised daemon context: DefaultDaemonContext[uid=9188323a-b6eb-45b4-980c-216c5f353e2f,javaHome=/Applications/Android Studio.app/Contents/jbr/Contents/Home,daemonRegistryDir=/Users/dominicqu/Documents/Year2/DRP/NightGuide/gradle/daemon,pid=48814,idleTimeout=10800000,priority=NORMAL,daemonOpts=--add-opens=java.base/java.util=ALL-UNNAMED,--add-opens=java.base/java.lang=ALL-UNNAMED,--add-opens=java.base/java.lang.invoke=ALL-UNNAMED,--add-opens=java.prefs/java.util.prefs=ALL-UNNAMED,--add-opens=java.base/java.nio.charset=ALL-UNNAMED,--add-opens=java.base/java.net=ALL-UNNAMED,--add-opens=java.base/java.util.concurrent.atomic=ALL-UNNAMED,-Xmx2048m,-Dfile.encoding=UTF-8,-Duser.country=GB,-Duser.language=en,-Duser.variant]
2023-06-14T17:20:33.458+0100 [DEBUG] [org.gradle.launcher.daemon.registry.PersistentDaemonRegistry] Storing daemon address: [278626a6-83e4-4e68-a5ec-e3924d4e5a82 port:61295, addresses:[localhost/127.0.0.1]], context: DefaultDaemonContext[uid=9188323a-b6eb-45b4-980c-216c5f353e2f,javaHome=/Applications/Android Studio.app/Contents/jbr/Contents/Home,daemonRegistryDir=/Users/dominicqu/Documents/Year2/DRP/NightGuide/gradle/daemon,pid=48814,idleTimeout=10800000,priority=NORMAL,daemonOpts=--add-opens=java.base/java.util=ALL-UNNAMED,--add-opens=java.base/java.lang=ALL-UNNAMED,--add-opens=java.base/java.lang.invoke=ALL-UNNAMED,--add-opens=java.prefs/java.util.prefs=ALL-UNNAMED,--add-opens=java.base/java.nio.charset=ALL-UNNAMED,--add-opens=java.base/java.net=ALL-UNNAMED,--add-opens=java.base/java.util.concurrent.atomic=ALL-UNNAMED,-Xmx2048m,-Dfile.encoding=UTF-8,-Duser.country=GB,-Duser.language=en,-Duser.variant]
2023-06-14T17:20:33.471+0100 [DEBUG] [org.gradle.cache.internal.DefaultFileLockManager] Waiting to acquire exclusive lock on daemon addresses registry.
2023-06-14T17:20:33.474+0100 [DEBUG] [org.gradle.cache.internal.DefaultFileLockManager] Lock acquired on daemon addresses registry.
2023-06-14T17:20:33.476+0100 [DEBUG] [org.gradle.cache.internal.DefaultFileLockManager] Releasing lock on daemon addresses registry.
2023-06-14T17:20:33.477+0100 [LIFECYCLE] [org.gradle.launcher.daemon.server.Daemon] Daemon server started.
2023-06-14T17:20:33.477+0100 [DEBUG] [org.gradle.launcher.daemon.bootstrap.DaemonStartupCommunication] Completed writing the daemon greeting. Closing streams...
2023-06-14T17:20:33.480+0100 [DEBUG] [org.gradle.launcher.daemon.server.Daemon] stopOnExpiration() called on daemon
2023-06-14T17:20:33.481+0100 [DEBUG] [org.gradle.launcher.daemon.server.Daemon] awaitExpiration() called on daemon
2023-06-14T17:20:33.481+0100 [DEBUG] [org.gradle.launcher.daemon.server.DaemonStateCoordinator] daemon is running. Sleeping until state changes.
2023-06-14T17:20:33.483+0100 [DEBUG] [org.gradle.internal.remote.internal.inet.TcpIncomingConnector] Accepted connection from /127.0.0.1:61296 to /127.0.0.1:61295.
2023-06-14T17:20:33.518+0100 [DEBUG] [org.gradle.launcher.daemon.server.SynchronizedDispatchConnection] thread 21: received class org.gradle.launcher.daemon.protocol.Build
2023-06-14T17:20:33.518+0100 [DEBUG] [org.gradle.launcher.daemon.server.DefaultDaemonConnection] thread 21: Received non-IO message from client: Build{id=5dda9610-17fa-4597-81c9-9264da96ddc6, currentDir=/Users/dominicqu/Documents/Year2/DRP/NightGuide}
2023-06-14T17:20:33.519+0100 [INFO] [org.gradle.launcher.daemon.server.DefaultIncomingConnectionHandler] Received command: Build{id=5dda9610-17fa-4597-81c9-9264da96ddc6, currentDir=/Users/dominicqu/Documents/Year2/DRP/NightGuide}.
2023-06-14T17:20:33.519+0100 [DEBUG] [org.gradle.launcher.daemon.server.DefaultIncomingConnectionHandler] Starting executing command: Build{id=5dda9610-17fa-4597-81c9-9264da96ddc6, currentDir=/Users/dominicqu/Documents/Year2/DRP/NightGuide} with connection: socket connection from /127.0.0.1:61295 to /127.0.0.1:61296.
2023-06-14T17:20:33.521+0100 [DEBUG] [org.gradle.launcher.daemon.server.DaemonStateCoordinator] Command execution: started DaemonCommandExecution[command = Build{id=5dda9610-17fa-4597-81c9-9264da96ddc6, currentDir=/Users/dominicqu/Documents/Year2/DRP/NightGuide}, connection = DefaultDaemonConnection: socket connection from /127.0.0.1:61295 to /127.0.0.1:61296] after 0.0 minutes of idle
2023-06-14T17:20:33.521+0100 [INFO] [org.gradle.launcher.daemon.server.DaemonRegistryUpdater] Marking the daemon as busy, address: [278626a6-83e4-4e68-a5ec-e3924d4e5a82 port:61295, addresses:[localhost/127.0.0.1]]
2023-06-14T17:20:33.521+0100 [DEBUG] [org.gradle.launcher.daemon.registry.PersistentDaemonRegistry] Marking busy by address: [278626a6-83e4-4e68-a5ec-e3924d4e5a82 port:61295, addresses:[localhost/127.0.0.1]]
2023-06-14T17:20:33.521+0100 [DEBUG] [org.gradle.cache.internal.DefaultFileLockManager] Waiting to acquire exclusive lock on daemon addresses registry.
2023-06-14T17:20:33.521+0100 [DEBUG] [org.gradle.cache.internal.DefaultFileLockManager] Lock acquired on daemon addresses registry.
2023-06-14T17:20:33.522+0100 [DEBUG] [org.gradle.cache.internal.DefaultFileLockManager] Releasing lock on daemon addresses registry.
2023-06-14T17:20:33.522+0100 [DEBUG] [org.gradle.launcher.daemon.server.DaemonStateCoordinator] resetting idle timer
2023-06-14T17:20:33.522+0100 [DEBUG] [org.gradle.launcher.daemon.server.DaemonStateCoordinator] daemon is running. Sleeping until state changes.
2023-06-14T17:20:33.523+0100 [INFO] [org.gradle.launcher.daemon.server.exec.StartBuildOrRespondWithBusy] Daemon is about to start building Build{id=5dda9610-17fa-4597-81c9-9264da96ddc6, currentDir=/Users/dominicqu/Documents/Year2/DRP/NightGuide}. Dispatching build started information...
2023-06-14T17:20:33.523+0100 [DEBUG] [org.gradle.launcher.daemon.server.SynchronizedDispatchConnection] thread 23: dispatching org.gradle.launcher.daemon.protocol.BuildStarted@6f143efc
2023-06-14T17:20:33.524+0100 [DEBUG] [org.gradle.launcher.daemon.server.exec.EstablishBuildEnvironment] Configuring env variables: [PATH, MANPATH, CONDA_DEFAULT_ENV, CONDA_EXE, CONDA_PYTHON_EXE, HOMEBREW_PREFIX, COMMAND_MODE, CONDA_PREFIX, DISPLAY, _CE_M, LOGNAME, HOMEBREW_REPOSITORY, XPC_SERVICE_NAME, INFOPATH, CONDA_SHLVL, __CFBundleIdentifier, SHELL, PAGER, LSCOLORS, OLDPWD, HOMEBREW_CELLAR, USER, ZSH, TMPDIR, SSH_AUTH_SOCK, _CE_CONDA, XPC_FLAGS, __CF_USER_TEXT_ENCODING, CONDA_PROMPT_MODIFIER, LESS, LC_CTYPE, HOME]
2023-06-14T17:20:33.527+0100 [DEBUG] [org.gradle.launcher.daemon.server.exec.LogToClient] About to start relaying all logs to the client via the connection.
2023-06-14T17:20:33.527+0100 [INFO] [org.gradle.launcher.daemon.server.exec.LogToClient] The client will now receive all logging from the daemon (pid: 48814). The daemon log file: /Users/dominicqu/Documents/Year2/DRP/NightGuide/gradle/daemon/8.0/daemon-48814.out.log
2023-06-14T17:20:33.527+0100 [DEBUG] [org.gradle.launcher.daemon.server.SynchronizedDispatchConnection] thread 21: received class org.gradle.launcher.daemon.protocol.CloseInput
2023-06-14T17:20:33.528+0100 [DEBUG] [org.gradle.launcher.daemon.server.DefaultDaemonConnection] thread 21: Received IO message from client: org.gradle.launcher.daemon.protocol.CloseInput@2c14b73
2023-06-14T17:20:33.528+0100 [INFO] [org.gradle.launcher.daemon.server.exec.LogAndCheckHealth] Starting build in new daemon [memory: 2 GiB]
2023-06-14T17:20:33.529+0100 [INFO] [org.gradle.launcher.daemon.server.exec.ForwardClientInput] Closing daemon's stdin at end of input.
2023-06-14T17:20:33.529+0100 [INFO] [org.gradle.launcher.daemon.server.exec.ForwardClientInput] The daemon will no longer process any standard input.
2023-06-14T17:20:33.531+0100 [DEBUG] [org.gradle.launcher.daemon.server.exec.ExecuteBuild] The daemon has started executing the build.
2023-06-14T17:20:33.531+0100 [DEBUG] [org.gradle.launcher.daemon.server.exec.ExecuteBuild] Executing build with daemon context: DefaultDaemonContext[uid=9188323a-b6eb-45b4-980c-216c5f353e2f,javaHome=/Applications/Android Studio.app/Contents/jbr/Contents/Home,daemonRegistryDir=/Users/dominicqu/Documents/Year2/DRP/NightGuide/gradle/daemon,pid=48814,idleTimeout=10800000,priority=NORMAL,daemonOpts=--add-opens=java.base/java.util=ALL-UNNAMED,--add-opens=java.base/java.lang=ALL-UNNAMED,--add-opens=java.base/java.lang.invoke=ALL-UNNAMED,--add-opens=java.prefs/java.util.prefs=ALL-UNNAMED,--add-opens=java.base/java.nio.charset=ALL-UNNAMED,--add-opens=java.base/java.net=ALL-UNNAMED,--add-opens=java.base/java.util.concurrent.atomic=ALL-UNNAMED,-Xmx2048m,-Dfile.encoding=UTF-8,-Duser.country=GB,-Duser.language=en,-Duser.variant]
app: 'annotationProcessor' dependencies won't be recognized as kapt annotation processors. Please change the configuration name to 'kapt' for these artifacts: 'android.arch.persistence.room:compiler:1.1.1'.

BUILD SUCCESSFUL in 8s
2023-06-14T17:20:39.579+0100 [DEBUG] [org.gradle.launcher.daemon.server.exec.ExecuteBuild] The daemon has finished executing the build.
2023-06-14T17:20:39.586+0100 [DEBUG] [org.gradle.launcher.daemon.server.DaemonStateCoordinator] daemon is running. Sleeping until state changes.
2023-06-14T17:20:39.586+0100 [DEBUG] [org.gradle.launcher.daemon.server.DaemonStateCoordinator] Command execution: finished waiting for DaemonCommandExecution[command = Build{id=5dda9610-17fa-4597-81c9-9264da96ddc6, currentDir=/Users/dominicqu/Documents/Year2/DRP/NightGuide}, connection = DefaultDaemonConnection: socket connection from /127.0.0.1:61295 to /127.0.0.1:61296]. Result org.gradle.launcher.daemon.server.DaemonStateCoordinator@6e47e83c with state Busy
2023-06-14T17:20:39.587+0100 [DEBUG] [org.gradle.launcher.daemon.server.DaemonStateCoordinator] Command execution: completed DaemonCommandExecution[command = Build{id=5dda9610-17fa-4597-81c9-9264da96ddc6, currentDir=/Users/dominicqu/Documents/Year2/DRP/NightGuide}, connection = DefaultDaemonConnection: socket connection from /127.0.0.1:61295 to /127.0.0.1:61296]
2023-06-14T17:20:39.587+0100 [DEBUG] [org.gradle.launcher.daemon.server.DaemonStateCoordinator] resetting idle timer
2023-06-14T17:20:39.587+0100 [INFO] [org.gradle.launcher.daemon.server.DaemonRegistryUpdater] Marking the daemon as idle, address: [278626a6-83e4-4e68-a5ec-e3924d4e5a82 port:61295, addresses:[localhost/127.0.0.1]]
2023-06-14T17:20:39.587+0100 [DEBUG] [org.gradle.launcher.daemon.registry.PersistentDaemonRegistry] Marking busy by address: [278626a6-83e4-4e68-a5ec-e3924d4e5a82 port:61295, addresses:[localhost/127.0.0.1]]
2023-06-14T17:20:39.587+0100 [DEBUG] [org.gradle.cache.internal.DefaultFileLockManager] Waiting to acquire exclusive lock on daemon addresses registry.
2023-06-14T17:20:39.587+0100 [DEBUG] [org.gradle.cache.internal.DefaultFileLockManager] Lock acquired on daemon addresses registry.
2023-06-14T17:20:39.588+0100 [DEBUG] [org.gradle.cache.internal.DefaultFileLockManager] Releasing lock on daemon addresses registry.
2023-06-14T17:20:39.588+0100 [DEBUG] [org.gradle.launcher.daemon.server.DaemonStateCoordinator] daemon is running. Sleeping until state changes.
2023-06-14T17:20:39.588+0100 [DEBUG] [org.gradle.launcher.daemon.server.exec.ReturnResult] Daemon is dispatching the build result: Success[value=org.gradle.launcher.exec.BuildActionResult@2a7c8f5f]
2023-06-14T17:20:39.589+0100 [DEBUG] [org.gradle.launcher.daemon.server.SynchronizedDispatchConnection] thread 20: dispatching Success[value=org.gradle.launcher.exec.BuildActionResult@2a7c8f5f]
2023-06-14T17:20:39.589+0100 [DEBUG] [org.gradle.launcher.daemon.server.DefaultIncomingConnectionHandler] Finishing executing command: Build{id=5dda9610-17fa-4597-81c9-9264da96ddc6, currentDir=/Users/dominicqu/Documents/Year2/DRP/NightGuide}
2023-06-14T17:20:39.631+0100 [DEBUG] [org.gradle.launcher.daemon.server.SynchronizedDispatchConnection] thread 21: received class org.gradle.launcher.daemon.protocol.Finished
2023-06-14T17:20:39.631+0100 [DEBUG] [org.gradle.launcher.daemon.server.DefaultDaemonConnection] thread 21: Received non-IO message from client: org.gradle.launcher.daemon.protocol.Finished@39e3e1fe
2023-06-14T17:20:39.631+0100 [DEBUG] [org.gradle.launcher.daemon.server.DefaultIncomingConnectionHandler] Received finished message: org.gradle.launcher.daemon.protocol.Finished@39e3e1fe
2023-06-14T17:20:39.631+0100 [DEBUG] [org.gradle.launcher.daemon.server.SynchronizedDispatchConnection] thread 20: stopping connection
2023-06-14T17:20:39.632+0100 [DEBUG] [org.gradle.internal.remote.internal.inet.SocketConnection] Discarding EOFException: java.io.EOFException
2023-06-14T17:20:39.632+0100 [DEBUG] [org.gradle.launcher.daemon.server.SynchronizedDispatchConnection] thread 21: received null
2023-06-14T17:20:39.632+0100 [DEBUG] [org.gradle.launcher.daemon.server.DefaultDaemonConnection] thread 21: Received end-of-input from client.
2023-06-14T17:20:39.633+0100 [DEBUG] [org.gradle.launcher.daemon.server.SynchronizedDispatchConnection] thread 20: stopping connection
2023-06-14T17:20:43.491+0100 [DEBUG] [org.gradle.cache.internal.DefaultFileLockManager] Waiting to acquire shared lock on daemon addresses registry.
2023-06-14T17:20:43.492+0100 [DEBUG] [org.gradle.cache.internal.DefaultFileLockManager] Lock acquired on daemon addresses registry.
2023-06-14T17:20:43.493+0100 [DEBUG] [org.gradle.cache.internal.DefaultFileLockManager] Releasing lock on daemon addresses registry.
2023-06-14T17:20:43.494+0100 [DEBUG] [org.gradle.cache.internal.DefaultFileLockManager] Waiting to acquire shared lock on daemon addresses registry.
2023-06-14T17:20:43.494+0100 [DEBUG] [org.gradle.cache.internal.DefaultFileLockManager] Lock acquired on daemon addresses registry.
2023-06-14T17:20:43.494+0100 [DEBUG] [org.gradle.cache.internal.DefaultFileLockManager] Releasing lock on daemon addresses registry.
2023-06-14T17:20:53.486+0100 [DEBUG] [org.gradle.cache.internal.DefaultFileLockManager] Waiting to acquire shared lock on daemon addresses registry.
2023-06-14T17:20:53.488+0100 [DEBUG] [org.gradle.cache.internal.DefaultFileLockManager] Lock acquired on daemon addresses registry.
2023-06-14T17:20:53.489+0100 [DEBUG] [org.gradle.cache.internal.DefaultFileLockManager] Releasing lock on daemon addresses registry.
2023-06-14T17:20:53.490+0100 [DEBUG] [org.gradle.cache.internal.DefaultFileLockManager] Waiting to acquire shared lock on daemon addresses registry.
2023-06-14T17:20:53.491+0100 [DEBUG] [org.gradle.cache.internal.DefaultFileLockManager] Lock acquired on daemon addresses registry.
2023-06-14T17:20:53.491+0100 [DEBUG] [org.gradle.cache.internal.DefaultFileLockManager] Releasing lock on daemon addresses registry.
2023-06-14T17:20:53.492+0100 [DEBUG] [org.gradle.cache.internal.DefaultFileLockManager] Waiting to acquire shared lock on daemon addresses registry.
2023-06-14T17:20:53.492+0100 [DEBUG] [org.gradle.cache.internal.DefaultFileLockManager] Lock acquired on daemon addresses registry.
2023-06-14T17:20:53.492+0100 [DEBUG] [org.gradle.cache.internal.DefaultFileLockManager] Releasing lock on daemon addresses registry.
2023-06-14T17:21:03.486+0100 [DEBUG] [org.gradle.cache.internal.DefaultFileLockManager] Waiting to acquire shared lock on daemon addresses registry.
2023-06-14T17:21:03.487+0100 [DEBUG] [org.gradle.cache.internal.DefaultFileLockManager] Lock acquired on daemon addresses registry.
2023-06-14T17:21:03.488+0100 [DEBUG] [org.gradle.cache.internal.DefaultFileLockManager] Releasing lock on daemon addresses registry.
2023-06-14T17:21:03.489+0100 [DEBUG] [org.gradle.cache.internal.DefaultFileLockManager] Waiting to acquire shared lock on daemon addresses registry.
2023-06-14T17:21:03.489+0100 [DEBUG] [org.gradle.cache.internal.DefaultFileLockManager] Lock acquired on daemon addresses registry.
2023-06-14T17:21:03.489+0100 [DEBUG] [org.gradle.cache.internal.DefaultFileLockManager] Releasing lock on daemon addresses registry.
2023-06-14T17:21:03.490+0100 [DEBUG] [org.gradle.cache.internal.DefaultFileLockManager] Waiting to acquire shared lock on daemon addresses registry.
2023-06-14T17:21:03.491+0100 [DEBUG] [org.gradle.cache.internal.DefaultFileLockManager] Lock acquired on daemon addresses registry.
2023-06-14T17:21:03.491+0100 [DEBUG] [org.gradle.cache.internal.DefaultFileLockManager] Releasing lock on daemon addresses registry.
2023-06-14T17:21:05.613+0100 [DEBUG] [org.gradle.internal.remote.internal.inet.TcpIncomingConnector] Accepted connection from /127.0.0.1:61298 to /127.0.0.1:61295.
2023-06-14T17:21:05.615+0100 [DEBUG] [org.gradle.launcher.daemon.server.SynchronizedDispatchConnection] thread 139: received class org.gradle.launcher.daemon.protocol.Build
2023-06-14T17:21:05.615+0100 [DEBUG] [org.gradle.launcher.daemon.server.DefaultDaemonConnection] thread 139: Received non-IO message from client: Build{id=cdf52635-1ef1-4547-b137-8467c7b10839, currentDir=/Users/dominicqu/Documents/Year2/DRP/NightGuide}
2023-06-14T17:21:05.615+0100 [INFO] [org.gradle.launcher.daemon.server.DefaultIncomingConnectionHandler] Received command: Build{id=cdf52635-1ef1-4547-b137-8467c7b10839, currentDir=/Users/dominicqu/Documents/Year2/DRP/NightGuide}.
2023-06-14T17:21:05.615+0100 [DEBUG] [org.gradle.launcher.daemon.server.DefaultIncomingConnectionHandler] Starting executing command: Build{id=cdf52635-1ef1-4547-b137-8467c7b10839, currentDir=/Users/dominicqu/Documents/Year2/DRP/NightGuide} with connection: socket connection from /127.0.0.1:61295 to /127.0.0.1:61298.
2023-06-14T17:21:05.616+0100 [DEBUG] [org.gradle.launcher.daemon.server.DaemonStateCoordinator] Command execution: started DaemonCommandExecution[command = Build{id=cdf52635-1ef1-4547-b137-8467c7b10839, currentDir=/Users/dominicqu/Documents/Year2/DRP/NightGuide}, connection = DefaultDaemonConnection: socket connection from /127.0.0.1:61295 to /127.0.0.1:61298] after 0.0 minutes of idle
2023-06-14T17:21:05.616+0100 [INFO] [org.gradle.launcher.daemon.server.DaemonRegistryUpdater] Marking the daemon as busy, address: [278626a6-83e4-4e68-a5ec-e3924d4e5a82 port:61295, addresses:[localhost/127.0.0.1]]
2023-06-14T17:21:05.616+0100 [DEBUG] [org.gradle.launcher.daemon.registry.PersistentDaemonRegistry] Marking busy by address: [278626a6-83e4-4e68-a5ec-e3924d4e5a82 port:61295, addresses:[localhost/127.0.0.1]]
2023-06-14T17:21:05.616+0100 [DEBUG] [org.gradle.cache.internal.DefaultFileLockManager] Waiting to acquire exclusive lock on daemon addresses registry.
2023-06-14T17:21:05.616+0100 [DEBUG] [org.gradle.cache.internal.DefaultFileLockManager] Lock acquired on daemon addresses registry.
2023-06-14T17:21:05.616+0100 [DEBUG] [org.gradle.cache.internal.DefaultFileLockManager] Releasing lock on daemon addresses registry.
2023-06-14T17:21:05.617+0100 [DEBUG] [org.gradle.launcher.daemon.server.DaemonStateCoordinator] resetting idle timer
2023-06-14T17:21:05.617+0100 [DEBUG] [org.gradle.launcher.daemon.server.DaemonStateCoordinator] daemon is running. Sleeping until state changes.
2023-06-14T17:21:05.617+0100 [INFO] [org.gradle.launcher.daemon.server.exec.StartBuildOrRespondWithBusy] Daemon is about to start building Build{id=cdf52635-1ef1-4547-b137-8467c7b10839, currentDir=/Users/dominicqu/Documents/Year2/DRP/NightGuide}. Dispatching build started information...
2023-06-14T17:21:05.617+0100 [DEBUG] [org.gradle.launcher.daemon.server.SynchronizedDispatchConnection] thread 23: dispatching org.gradle.launcher.daemon.protocol.BuildStarted@3f11970b
2023-06-14T17:21:05.617+0100 [DEBUG] [org.gradle.launcher.daemon.server.exec.EstablishBuildEnvironment] Configuring env variables: [PATH, MANPATH, CONDA_DEFAULT_ENV, CONDA_EXE, CONDA_PYTHON_EXE, HOMEBREW_PREFIX, COMMAND_MODE, CONDA_PREFIX, DISPLAY, _CE_M, LOGNAME, HOMEBREW_REPOSITORY, XPC_SERVICE_NAME, INFOPATH, CONDA_SHLVL, __CFBundleIdentifier, SHELL, PAGER, LSCOLORS, OLDPWD, HOMEBREW_CELLAR, USER, ZSH, TMPDIR, SSH_AUTH_SOCK, _CE_CONDA, XPC_FLAGS, __CF_USER_TEXT_ENCODING, CONDA_PROMPT_MODIFIER, LESS, LC_CTYPE, HOME]
2023-06-14T17:21:05.618+0100 [DEBUG] [org.gradle.launcher.daemon.server.exec.LogToClient] About to start relaying all logs to the client via the connection.
2023-06-14T17:21:05.618+0100 [DEBUG] [org.gradle.launcher.daemon.server.SynchronizedDispatchConnection] thread 139: received class org.gradle.launcher.daemon.protocol.CloseInput
2023-06-14T17:21:05.618+0100 [DEBUG] [org.gradle.launcher.daemon.server.DefaultDaemonConnection] thread 139: Received IO message from client: org.gradle.launcher.daemon.protocol.CloseInput@64dabf75
2023-06-14T17:21:05.618+0100 [INFO] [org.gradle.launcher.daemon.server.exec.LogToClient] The client will now receive all logging from the daemon (pid: 48814). The daemon log file: /Users/dominicqu/Documents/Year2/DRP/NightGuide/gradle/daemon/8.0/daemon-48814.out.log
2023-06-14T17:21:05.621+0100 [INFO] [org.gradle.launcher.daemon.server.exec.LogAndCheckHealth] Starting 2nd build in daemon [uptime: 32.272 secs, performance: 99%, GC rate: 0.00/s, heap usage: 0% of 2 GiB]
2023-06-14T17:21:05.621+0100 [INFO] [org.gradle.launcher.daemon.server.exec.ForwardClientInput] Closing daemon's stdin at end of input.
2023-06-14T17:21:05.621+0100 [DEBUG] [org.gradle.launcher.daemon.server.exec.ExecuteBuild] The daemon has started executing the build.
2023-06-14T17:21:05.621+0100 [INFO] [org.gradle.launcher.daemon.server.exec.ForwardClientInput] The daemon will no longer process any standard input.
2023-06-14T17:21:05.621+0100 [DEBUG] [org.gradle.launcher.daemon.server.exec.ExecuteBuild] Executing build with daemon context: DefaultDaemonContext[uid=9188323a-b6eb-45b4-980c-216c5f353e2f,javaHome=/Applications/Android Studio.app/Contents/jbr/Contents/Home,daemonRegistryDir=/Users/dominicqu/Documents/Year2/DRP/NightGuide/gradle/daemon,pid=48814,idleTimeout=10800000,priority=NORMAL,daemonOpts=--add-opens=java.base/java.util=ALL-UNNAMED,--add-opens=java.base/java.lang=ALL-UNNAMED,--add-opens=java.base/java.lang.invoke=ALL-UNNAMED,--add-opens=java.prefs/java.util.prefs=ALL-UNNAMED,--add-opens=java.base/java.nio.charset=ALL-UNNAMED,--add-opens=java.base/java.net=ALL-UNNAMED,--add-opens=java.base/java.util.concurrent.atomic=ALL-UNNAMED,-Xmx2048m,-Dfile.encoding=UTF-8,-Duser.country=GB,-Duser.language=en,-Duser.variant]
app: 'annotationProcessor' dependencies won't be recognized as kapt annotation processors. Please change the configuration name to 'kapt' for these artifacts: 'android.arch.persistence.room:compiler:1.1.1'.
package="com.example.ng" found in source AndroidManifest.xml: /Users/dominicqu/Documents/Year2/DRP/NightGuide/app/src/main/AndroidManifest.xml.
Setting the namespace via the package attribute in the source AndroidManifest.xml is no longer supported, and the value is ignored.
Recommendation: remove package="com.example.ng" from the source AndroidManifest.xml: /Users/dominicqu/Documents/Year2/DRP/NightGuide/app/src/main/AndroidManifest.xml.
/Users/dominicqu/Documents/Year2/DRP/NightGuide/app/src/main/AndroidManifest.xml:20:5-67 Warning:
	Element uses-permission#android.permission.INTERNET at AndroidManifest.xml:20:5-67 duplicated with element declared at AndroidManifest.xml:7:5-67
/Users/dominicqu/Documents/Year2/DRP/NightGuide/app/src/main/AndroidManifest.xml:21:5-79 Warning:
	Element uses-permission#android.permission.ACCESS_FINE_LOCATION at AndroidManifest.xml:21:5-79 duplicated with element declared at AndroidManifest.xml:9:5-79
/Users/dominicqu/Documents/Year2/DRP/NightGuide/app/src/main/AndroidManifest.xml:22:5-81 Warning:
	Element uses-permission#android.permission.ACCESS_COARSE_LOCATION at AndroidManifest.xml:22:5-81 duplicated with element declared at AndroidManifest.xml:8:5-81
AGPBI: {"kind":"warning","text":"Your project has set `android.useAndroidX=true`, but configuration `:app:debugAnnotationProcessorClasspath` still contains legacy support libraries, which may cause runtime issues.\nThis behavior will not be allowed in Android Gradle plugin 8.0.\nPlease use only AndroidX dependencies or set `android.enableJetifier=true` in the `gradle.properties` file to migrate your project to AndroidX (see https://developer.android.com/jetpack/androidx/migrate for more info).\nThe following legacy support libraries are detected:\n:app:debugAnnotationProcessorClasspath -> android.arch.persistence.room:compiler:1.1.1\n:app:debugAnnotationProcessorClasspath -> android.arch.persistence.room:compiler:1.1.1 -> android.arch.persistence.room:common:1.1.1\n:app:debugAnnotationProcessorClasspath -> android.arch.persistence.room:compiler:1.1.1 -> android.arch.persistence.room:common:1.1.1 -> com.android.support:support-annotations:26.1.0\n:app:debugAnnotationProcessorClasspath -> android.arch.persistence.room:compiler:1.1.1 -> android.arch.persistence.room:migration:1.1.1","sources":[{}]}

FAILURE: Build failed with an exception.

* What went wrong:
Execution failed for task ':app:checkDebugDuplicateClasses'.
> A failure occurred while executing com.android.build.gradle.internal.tasks.CheckDuplicatesRunnable
   > Duplicate class kotlin.collections.jdk8.CollectionsJDK8Kt found in modules kotlin-stdlib-1.8.20 (org.jetbrains.kotlin:kotlin-stdlib:1.8.20) and kotlin-stdlib-jdk8-1.7.20 (org.jetbrains.kotlin:kotlin-stdlib-jdk8:1.7.20)
     Duplicate class kotlin.internal.jdk7.JDK7PlatformImplementations found in modules kotlin-stdlib-1.8.20 (org.jetbrains.kotlin:kotlin-stdlib:1.8.20) and kotlin-stdlib-jdk7-1.7.20 (org.jetbrains.kotlin:kotlin-stdlib-jdk7:1.7.20)
     Duplicate class kotlin.internal.jdk7.JDK7PlatformImplementations$ReflectSdkVersion found in modules kotlin-stdlib-1.8.20 (org.jetbrains.kotlin:kotlin-stdlib:1.8.20) and kotlin-stdlib-jdk7-1.7.20 (org.jetbrains.kotlin:kotlin-stdlib-jdk7:1.7.20)
     Duplicate class kotlin.internal.jdk8.JDK8PlatformImplementations found in modules kotlin-stdlib-1.8.20 (org.jetbrains.kotlin:kotlin-stdlib:1.8.20) and kotlin-stdlib-jdk8-1.7.20 (org.jetbrains.kotlin:kotlin-stdlib-jdk8:1.7.20)
     Duplicate class kotlin.internal.jdk8.JDK8PlatformImplementations$ReflectSdkVersion found in modules kotlin-stdlib-1.8.20 (org.jetbrains.kotlin:kotlin-stdlib:1.8.20) and kotlin-stdlib-jdk8-1.7.20 (org.jetbrains.kotlin:kotlin-stdlib-jdk8:1.7.20)
     Duplicate class kotlin.io.path.DirectoryEntriesReader found in modules kotlin-stdlib-1.8.20 (org.jetbrains.kotlin:kotlin-stdlib:1.8.20) and kotlin-stdlib-jdk7-1.7.20 (org.jetbrains.kotlin:kotlin-stdlib-jdk7:1.7.20)
     Duplicate class kotlin.io.path.ExperimentalPathApi found in modules kotlin-stdlib-1.8.20 (org.jetbrains.kotlin:kotlin-stdlib:1.8.20) and kotlin-stdlib-jdk7-1.7.20 (org.jetbrains.kotlin:kotlin-stdlib-jdk7:1.7.20)
     Duplicate class kotlin.io.path.FileVisitorBuilder found in modules kotlin-stdlib-1.8.20 (org.jetbrains.kotlin:kotlin-stdlib:1.8.20) and kotlin-stdlib-jdk7-1.7.20 (org.jetbrains.kotlin:kotlin-stdlib-jdk7:1.7.20)
     Duplicate class kotlin.io.path.FileVisitorBuilderImpl found in modules kotlin-stdlib-1.8.20 (org.jetbrains.kotlin:kotlin-stdlib:1.8.20) and kotlin-stdlib-jdk7-1.7.20 (org.jetbrains.kotlin:kotlin-stdlib-jdk7:1.7.20)
     Duplicate class kotlin.io.path.FileVisitorImpl found in modules kotlin-stdlib-1.8.20 (org.jetbrains.kotlin:kotlin-stdlib:1.8.20) and kotlin-stdlib-jdk7-1.7.20 (org.jetbrains.kotlin:kotlin-stdlib-jdk7:1.7.20)
     Duplicate class kotlin.io.path.LinkFollowing found in modules kotlin-stdlib-1.8.20 (org.jetbrains.kotlin:kotlin-stdlib:1.8.20) and kotlin-stdlib-jdk7-1.7.20 (org.jetbrains.kotlin:kotlin-stdlib-jdk7:1.7.20)
     Duplicate class kotlin.io.path.PathNode found in modules kotlin-stdlib-1.8.20 (org.jetbrains.kotlin:kotlin-stdlib:1.8.20) and kotlin-stdlib-jdk7-1.7.20 (org.jetbrains.kotlin:kotlin-stdlib-jdk7:1.7.20)
     Duplicate class kotlin.io.path.PathRelativizer found in modules kotlin-stdlib-1.8.20 (org.jetbrains.kotlin:kotlin-stdlib:1.8.20) and kotlin-stdlib-jdk7-1.7.20 (org.jetbrains.kotlin:kotlin-stdlib-jdk7:1.7.20)
     Duplicate class kotlin.io.path.PathTreeWalk found in modules kotlin-stdlib-1.8.20 (org.jetbrains.kotlin:kotlin-stdlib:1.8.20) and kotlin-stdlib-jdk7-1.7.20 (org.jetbrains.kotlin:kotlin-stdlib-jdk7:1.7.20)
     Duplicate class kotlin.io.path.PathTreeWalk$bfsIterator$1 found in modules kotlin-stdlib-1.8.20 (org.jetbrains.kotlin:kotlin-stdlib:1.8.20) and kotlin-stdlib-jdk7-1.7.20 (org.jetbrains.kotlin:kotlin-stdlib-jdk7:1.7.20)
     Duplicate class kotlin.io.path.PathTreeWalk$dfsIterator$1 found in modules kotlin-stdlib-1.8.20 (org.jetbrains.kotlin:kotlin-stdlib:1.8.20) and kotlin-stdlib-jdk7-1.7.20 (org.jetbrains.kotlin:kotlin-stdlib-jdk7:1.7.20)
     Duplicate class kotlin.io.path.PathTreeWalkKt found in modules kotlin-stdlib-1.8.20 (org.jetbrains.kotlin:kotlin-stdlib:1.8.20) and kotlin-stdlib-jdk7-1.7.20 (org.jetbrains.kotlin:kotlin-stdlib-jdk7:1.7.20)
     Duplicate class kotlin.io.path.PathWalkOption found in modules kotlin-stdlib-1.8.20 (org.jetbrains.kotlin:kotlin-stdlib:1.8.20) and kotlin-stdlib-jdk7-1.7.20 (org.jetbrains.kotlin:kotlin-stdlib-jdk7:1.7.20)
     Duplicate class kotlin.io.path.PathsKt found in modules kotlin-stdlib-1.8.20 (org.jetbrains.kotlin:kotlin-stdlib:1.8.20) and kotlin-stdlib-jdk7-1.7.20 (org.jetbrains.kotlin:kotlin-stdlib-jdk7:1.7.20)
     Duplicate class kotlin.io.path.PathsKt__PathReadWriteKt found in modules kotlin-stdlib-1.8.20 (org.jetbrains.kotlin:kotlin-stdlib:1.8.20) and kotlin-stdlib-jdk7-1.7.20 (org.jetbrains.kotlin:kotlin-stdlib-jdk7:1.7.20)
     Duplicate class kotlin.io.path.PathsKt__PathUtilsKt found in modules kotlin-stdlib-1.8.20 (org.jetbrains.kotlin:kotlin-stdlib:1.8.20) and kotlin-stdlib-jdk7-1.7.20 (org.jetbrains.kotlin:kotlin-stdlib-jdk7:1.7.20)
     Duplicate class kotlin.jdk7.AutoCloseableKt found in modules kotlin-stdlib-1.8.20 (org.jetbrains.kotlin:kotlin-stdlib:1.8.20) and kotlin-stdlib-jdk7-1.7.20 (org.jetbrains.kotlin:kotlin-stdlib-jdk7:1.7.20)
     Duplicate class kotlin.jvm.jdk8.JvmRepeatableKt found in modules kotlin-stdlib-1.8.20 (org.jetbrains.kotlin:kotlin-stdlib:1.8.20) and kotlin-stdlib-jdk8-1.7.20 (org.jetbrains.kotlin:kotlin-stdlib-jdk8:1.7.20)
     Duplicate class kotlin.jvm.optionals.OptionalsKt found in modules kotlin-stdlib-1.8.20 (org.jetbrains.kotlin:kotlin-stdlib:1.8.20) and kotlin-stdlib-jdk8-1.7.20 (org.jetbrains.kotlin:kotlin-stdlib-jdk8:1.7.20)
     Duplicate class kotlin.random.jdk8.PlatformThreadLocalRandom found in modules kotlin-stdlib-1.8.20 (org.jetbrains.kotlin:kotlin-stdlib:1.8.20) and kotlin-stdlib-jdk8-1.7.20 (org.jetbrains.kotlin:kotlin-stdlib-jdk8:1.7.20)
     Duplicate class kotlin.streams.jdk8.StreamsKt found in modules kotlin-stdlib-1.8.20 (org.jetbrains.kotlin:kotlin-stdlib:1.8.20) and kotlin-stdlib-jdk8-1.7.20 (org.jetbrains.kotlin:kotlin-stdlib-jdk8:1.7.20)
     Duplicate class kotlin.streams.jdk8.StreamsKt$asSequence$$inlined$Sequence$1 found in modules kotlin-stdlib-1.8.20 (org.jetbrains.kotlin:kotlin-stdlib:1.8.20) and kotlin-stdlib-jdk8-1.7.20 (org.jetbrains.kotlin:kotlin-stdlib-jdk8:1.7.20)
     Duplicate class kotlin.streams.jdk8.StreamsKt$asSequence$$inlined$Sequence$2 found in modules kotlin-stdlib-1.8.20 (org.jetbrains.kotlin:kotlin-stdlib:1.8.20) and kotlin-stdlib-jdk8-1.7.20 (org.jetbrains.kotlin:kotlin-stdlib-jdk8:1.7.20)
     Duplicate class kotlin.streams.jdk8.StreamsKt$asSequence$$inlined$Sequence$3 found in modules kotlin-stdlib-1.8.20 (org.jetbrains.kotlin:kotlin-stdlib:1.8.20) and kotlin-stdlib-jdk8-1.7.20 (org.jetbrains.kotlin:kotlin-stdlib-jdk8:1.7.20)
     Duplicate class kotlin.streams.jdk8.StreamsKt$asSequence$$inlined$Sequence$4 found in modules kotlin-stdlib-1.8.20 (org.jetbrains.kotlin:kotlin-stdlib:1.8.20) and kotlin-stdlib-jdk8-1.7.20 (org.jetbrains.kotlin:kotlin-stdlib-jdk8:1.7.20)
     Duplicate class kotlin.text.jdk8.RegexExtensionsJDK8Kt found in modules kotlin-stdlib-1.8.20 (org.jetbrains.kotlin:kotlin-stdlib:1.8.20) and kotlin-stdlib-jdk8-1.7.20 (org.jetbrains.kotlin:kotlin-stdlib-jdk8:1.7.20)
     Duplicate class kotlin.time.jdk8.DurationConversionsJDK8Kt found in modules kotlin-stdlib-1.8.20 (org.jetbrains.kotlin:kotlin-stdlib:1.8.20) and kotlin-stdlib-jdk8-1.7.20 (org.jetbrains.kotlin:kotlin-stdlib-jdk8:1.7.20)
     
     Go to the documentation to learn how to <a href="d.android.com/r/tools/classpath-sync-errors">Fix dependency resolution errors</a>.

* Try:
> Run with --info or --debug option to get more log output.
> Run with --scan to get full insights.

* Exception is:
org.gradle.api.tasks.TaskExecutionException: Execution failed for task ':app:checkDebugDuplicateClasses'.
	at org.gradle.api.internal.tasks.execution.ExecuteActionsTaskExecuter.lambda$executeIfValid$1(ExecuteActionsTaskExecuter.java:149)
	at org.gradle.internal.Try$Failure.ifSuccessfulOrElse(Try.java:282)
	at org.gradle.api.internal.tasks.execution.ExecuteActionsTaskExecuter.executeIfValid(ExecuteActionsTaskExecuter.java:147)
	at org.gradle.api.internal.tasks.execution.ExecuteActionsTaskExecuter.execute(ExecuteActionsTaskExecuter.java:135)
	at org.gradle.api.internal.tasks.execution.FinalizePropertiesTaskExecuter.execute(FinalizePropertiesTaskExecuter.java:46)
	at org.gradle.api.internal.tasks.execution.ResolveTaskExecutionModeExecuter.execute(ResolveTaskExecutionModeExecuter.java:51)
	at org.gradle.api.internal.tasks.execution.SkipTaskWithNoActionsExecuter.execute(SkipTaskWithNoActionsExecuter.java:57)
	at org.gradle.api.internal.tasks.execution.SkipOnlyIfTaskExecuter.execute(SkipOnlyIfTaskExecuter.java:74)
	at org.gradle.api.internal.tasks.execution.CatchExceptionTaskExecuter.execute(CatchExceptionTaskExecuter.java:36)
	at org.gradle.api.internal.tasks.execution.EventFiringTaskExecuter$1.executeTask(EventFiringTaskExecuter.java:77)
	at org.gradle.api.internal.tasks.execution.EventFiringTaskExecuter$1.call(EventFiringTaskExecuter.java:55)
	at org.gradle.api.internal.tasks.execution.EventFiringTaskExecuter$1.call(EventFiringTaskExecuter.java:52)
	at org.gradle.internal.operations.DefaultBuildOperationRunner$CallableBuildOperationWorker.execute(DefaultBuildOperationRunner.java:204)
	at org.gradle.internal.operations.DefaultBuildOperationRunner$CallableBuildOperationWorker.execute(DefaultBuildOperationRunner.java:199)
	at org.gradle.internal.operations.DefaultBuildOperationRunner$2.execute(DefaultBuildOperationRunner.java:66)
	at org.gradle.internal.operations.DefaultBuildOperationRunner$2.execute(DefaultBuildOperationRunner.java:59)
	at org.gradle.internal.operations.DefaultBuildOperationRunner.execute(DefaultBuildOperationRunner.java:157)
	at org.gradle.internal.operations.DefaultBuildOperationRunner.execute(DefaultBuildOperationRunner.java:59)
	at org.gradle.internal.operations.DefaultBuildOperationRunner.call(DefaultBuildOperationRunner.java:53)
	at org.gradle.internal.operations.DefaultBuildOperationExecutor.call(DefaultBuildOperationExecutor.java:73)
	at org.gradle.api.internal.tasks.execution.EventFiringTaskExecuter.execute(EventFiringTaskExecuter.java:52)
	at org.gradle.execution.plan.LocalTaskNodeExecutor.execute(LocalTaskNodeExecutor.java:42)
	at org.gradle.execution.taskgraph.DefaultTaskExecutionGraph$InvokeNodeExecutorsAction.execute(DefaultTaskExecutionGraph.java:338)
	at org.gradle.execution.taskgraph.DefaultTaskExecutionGraph$InvokeNodeExecutorsAction.execute(DefaultTaskExecutionGraph.java:325)
	at org.gradle.execution.taskgraph.DefaultTaskExecutionGraph$BuildOperationAwareExecutionAction.execute(DefaultTaskExecutionGraph.java:318)
	at org.gradle.execution.taskgraph.DefaultTaskExecutionGraph$BuildOperationAwareExecutionAction.execute(DefaultTaskExecutionGraph.java:304)
	at org.gradle.execution.plan.DefaultPlanExecutor$ExecutorWorker.execute(DefaultPlanExecutor.java:463)
	at org.gradle.execution.plan.DefaultPlanExecutor$ExecutorWorker.run(DefaultPlanExecutor.java:380)
	at org.gradle.internal.concurrent.ExecutorPolicy$CatchAndRecordFailures.onExecute(ExecutorPolicy.java:64)
	at org.gradle.internal.concurrent.ManagedExecutorImpl$1.run(ManagedExecutorImpl.java:49)
Caused by: org.gradle.workers.internal.DefaultWorkerExecutor$WorkExecutionException: A failure occurred while executing com.android.build.gradle.internal.tasks.CheckDuplicatesRunnable
	at org.gradle.workers.internal.DefaultWorkerExecutor$WorkItemExecution.waitForCompletion(DefaultWorkerExecutor.java:283)
	at org.gradle.internal.work.DefaultAsyncWorkTracker.lambda$waitForItemsAndGatherFailures$2(DefaultAsyncWorkTracker.java:130)
	at org.gradle.internal.Factories$1.create(Factories.java:31)
	at org.gradle.internal.work.DefaultWorkerLeaseService.withoutLocks(DefaultWorkerLeaseService.java:321)
	at org.gradle.internal.work.DefaultWorkerLeaseService.withoutLocks(DefaultWorkerLeaseService.java:304)
	at org.gradle.internal.work.DefaultWorkerLeaseService.withoutLock(DefaultWorkerLeaseService.java:309)
	at org.gradle.internal.work.DefaultAsyncWorkTracker.waitForItemsAndGatherFailures(DefaultAsyncWorkTracker.java:126)
	at org.gradle.internal.work.DefaultAsyncWorkTracker.waitForItemsAndGatherFailures(DefaultAsyncWorkTracker.java:92)
	at org.gradle.internal.work.DefaultAsyncWorkTracker.waitForAll(DefaultAsyncWorkTracker.java:78)
	at org.gradle.internal.work.DefaultAsyncWorkTracker.waitForCompletion(DefaultAsyncWorkTracker.java:66)
	at org.gradle.api.internal.tasks.execution.TaskExecution$3.run(TaskExecution.java:250)
	at org.gradle.internal.operations.DefaultBuildOperationRunner$1.execute(DefaultBuildOperationRunner.java:29)
	at org.gradle.internal.operations.DefaultBuildOperationRunner$1.execute(DefaultBuildOperationRunner.java:26)
	at org.gradle.internal.operations.DefaultBuildOperationRunner$2.execute(DefaultBuildOperationRunner.java:66)
	at org.gradle.internal.operations.DefaultBuildOperationRunner$2.execute(DefaultBuildOperationRunner.java:59)
	at org.gradle.internal.operations.DefaultBuildOperationRunner.execute(DefaultBuildOperationRunner.java:157)
	at org.gradle.internal.operations.DefaultBuildOperationRunner.execute(DefaultBuildOperationRunner.java:59)
	at org.gradle.internal.operations.DefaultBuildOperationRunner.run(DefaultBuildOperationRunner.java:47)
	at org.gradle.internal.operations.DefaultBuildOperationExecutor.run(DefaultBuildOperationExecutor.java:68)
	at org.gradle.api.internal.tasks.execution.TaskExecution.executeAction(TaskExecution.java:227)
	at org.gradle.api.internal.tasks.execution.TaskExecution.executeActions(TaskExecution.java:210)
	at org.gradle.api.internal.tasks.execution.TaskExecution.executeWithPreviousOutputFiles(TaskExecution.java:193)
	at org.gradle.api.internal.tasks.execution.TaskExecution.execute(TaskExecution.java:166)
	at org.gradle.internal.execution.steps.ExecuteStep.executeInternal(ExecuteStep.java:93)
	at org.gradle.internal.execution.steps.ExecuteStep.access$000(ExecuteStep.java:44)
	at org.gradle.internal.execution.steps.ExecuteStep$1.call(ExecuteStep.java:57)
	at org.gradle.internal.execution.steps.ExecuteStep$1.call(ExecuteStep.java:54)
	at org.gradle.internal.operations.DefaultBuildOperationRunner$CallableBuildOperationWorker.execute(DefaultBuildOperationRunner.java:204)
	at org.gradle.internal.operations.DefaultBuildOperationRunner$CallableBuildOperationWorker.execute(DefaultBuildOperationRunner.java:199)
	at org.gradle.internal.operations.DefaultBuildOperationRunner$2.execute(DefaultBuildOperationRunner.java:66)
	at org.gradle.internal.operations.DefaultBuildOperationRunner$2.execute(DefaultBuildOperationRunner.java:59)
	at org.gradle.internal.operations.DefaultBuildOperationRunner.execute(DefaultBuildOperationRunner.java:157)
	at org.gradle.internal.operations.DefaultBuildOperationRunner.execute(DefaultBuildOperationRunner.java:59)
	at org.gradle.internal.operations.DefaultBuildOperationRunner.call(DefaultBuildOperationRunner.java:53)
	at org.gradle.internal.operations.DefaultBuildOperationExecutor.call(DefaultBuildOperationExecutor.java:73)
	at org.gradle.internal.execution.steps.ExecuteStep.execute(ExecuteStep.java:54)
	at org.gradle.internal.execution.steps.ExecuteStep.execute(ExecuteStep.java:44)
	at org.gradle.internal.execution.steps.RemovePreviousOutputsStep.execute(RemovePreviousOutputsStep.java:67)
	at org.gradle.internal.execution.steps.RemovePreviousOutputsStep.execute(RemovePreviousOutputsStep.java:37)
	at org.gradle.internal.execution.steps.CancelExecutionStep.execute(CancelExecutionStep.java:41)
	at org.gradle.internal.execution.steps.TimeoutStep.executeWithoutTimeout(TimeoutStep.java:74)
	at org.gradle.internal.execution.steps.TimeoutStep.execute(TimeoutStep.java:55)
	at org.gradle.internal.execution.steps.CreateOutputsStep.execute(CreateOutputsStep.java:50)
	at org.gradle.internal.execution.steps.CreateOutputsStep.execute(CreateOutputsStep.java:28)
	at org.gradle.internal.execution.steps.CaptureStateAfterExecutionStep.executeDelegateBroadcastingChanges(CaptureStateAfterExecutionStep.java:100)
	at org.gradle.internal.execution.steps.CaptureStateAfterExecutionStep.execute(CaptureStateAfterExecutionStep.java:72)
	at org.gradle.internal.execution.steps.CaptureStateAfterExecutionStep.execute(CaptureStateAfterExecutionStep.java:50)
	at org.gradle.internal.execution.steps.ResolveInputChangesStep.execute(ResolveInputChangesStep.java:40)
	at org.gradle.internal.execution.steps.ResolveInputChangesStep.execute(ResolveInputChangesStep.java:29)
	at org.gradle.internal.execution.steps.BuildCacheStep.executeWithoutCache(BuildCacheStep.java:166)
	at org.gradle.internal.execution.steps.BuildCacheStep.lambda$execute$1(BuildCacheStep.java:70)
	at org.gradle.internal.Either$Right.fold(Either.java:175)
	at org.gradle.internal.execution.caching.CachingState.fold(CachingState.java:59)
	at org.gradle.internal.execution.steps.BuildCacheStep.execute(BuildCacheStep.java:68)
	at org.gradle.internal.execution.steps.BuildCacheStep.execute(BuildCacheStep.java:46)
	at org.gradle.internal.execution.steps.StoreExecutionStateStep.execute(StoreExecutionStateStep.java:36)
	at org.gradle.internal.execution.steps.StoreExecutionStateStep.execute(StoreExecutionStateStep.java:25)
	at org.gradle.internal.execution.steps.RecordOutputsStep.execute(RecordOutputsStep.java:36)
	at org.gradle.internal.execution.steps.RecordOutputsStep.execute(RecordOutputsStep.java:22)
	at org.gradle.internal.execution.steps.SkipUpToDateStep.executeBecause(SkipUpToDateStep.java:91)
	at org.gradle.internal.execution.steps.SkipUpToDateStep.lambda$execute$2(SkipUpToDateStep.java:55)
	at org.gradle.internal.execution.steps.SkipUpToDateStep.execute(SkipUpToDateStep.java:55)
	at org.gradle.internal.execution.steps.SkipUpToDateStep.execute(SkipUpToDateStep.java:37)
	at org.gradle.internal.execution.steps.ResolveChangesStep.execute(ResolveChangesStep.java:65)
	at org.gradle.internal.execution.steps.ResolveChangesStep.execute(ResolveChangesStep.java:36)
	at org.gradle.internal.execution.steps.legacy.MarkSnapshottingInputsFinishedStep.execute(MarkSnapshottingInputsFinishedStep.java:37)
	at org.gradle.internal.execution.steps.legacy.MarkSnapshottingInputsFinishedStep.execute(MarkSnapshottingInputsFinishedStep.java:27)
	at org.gradle.internal.execution.steps.ResolveCachingStateStep.execute(ResolveCachingStateStep.java:76)
	at org.gradle.internal.execution.steps.ResolveCachingStateStep.execute(ResolveCachingStateStep.java:37)
	at org.gradle.internal.execution.steps.ValidateStep.execute(ValidateStep.java:94)
	at org.gradle.internal.execution.steps.ValidateStep.execute(ValidateStep.java:49)
	at org.gradle.internal.execution.steps.CaptureStateBeforeExecutionStep.execute(CaptureStateBeforeExecutionStep.java:71)
	at org.gradle.internal.execution.steps.CaptureStateBeforeExecutionStep.execute(CaptureStateBeforeExecutionStep.java:45)
	at org.gradle.internal.execution.steps.SkipEmptyWorkStep.executeWithNonEmptySources(SkipEmptyWorkStep.java:177)
	at org.gradle.internal.execution.steps.SkipEmptyWorkStep.execute(SkipEmptyWorkStep.java:81)
	at org.gradle.internal.execution.steps.SkipEmptyWorkStep.execute(SkipEmptyWorkStep.java:53)
	at org.gradle.internal.execution.steps.RemoveUntrackedExecutionStateStep.execute(RemoveUntrackedExecutionStateStep.java:32)
	at org.gradle.internal.execution.steps.RemoveUntrackedExecutionStateStep.execute(RemoveUntrackedExecutionStateStep.java:21)
	at org.gradle.internal.execution.steps.legacy.MarkSnapshottingInputsStartedStep.execute(MarkSnapshottingInputsStartedStep.java:38)
	at org.gradle.internal.execution.steps.LoadPreviousExecutionStateStep.execute(LoadPreviousExecutionStateStep.java:36)
	at org.gradle.internal.execution.steps.LoadPreviousExecutionStateStep.execute(LoadPreviousExecutionStateStep.java:23)
	at org.gradle.internal.execution.steps.CleanupStaleOutputsStep.execute(CleanupStaleOutputsStep.java:75)
	at org.gradle.internal.execution.steps.CleanupStaleOutputsStep.execute(CleanupStaleOutputsStep.java:41)
	at org.gradle.internal.execution.steps.AssignWorkspaceStep.lambda$execute$0(AssignWorkspaceStep.java:32)
	at org.gradle.api.internal.tasks.execution.TaskExecution$4.withWorkspace(TaskExecution.java:287)
	at org.gradle.internal.execution.steps.AssignWorkspaceStep.execute(AssignWorkspaceStep.java:30)
	at org.gradle.internal.execution.steps.AssignWorkspaceStep.execute(AssignWorkspaceStep.java:21)
	at org.gradle.internal.execution.steps.IdentityCacheStep.execute(IdentityCacheStep.java:37)
	at org.gradle.internal.execution.steps.IdentityCacheStep.execute(IdentityCacheStep.java:27)
	at org.gradle.internal.execution.steps.IdentifyStep.execute(IdentifyStep.java:42)
	at org.gradle.internal.execution.steps.IdentifyStep.execute(IdentifyStep.java:31)
	at org.gradle.internal.execution.impl.DefaultExecutionEngine$1.execute(DefaultExecutionEngine.java:64)
	at org.gradle.api.internal.tasks.execution.ExecuteActionsTaskExecuter.executeIfValid(ExecuteActionsTaskExecuter.java:146)
	at org.gradle.api.internal.tasks.execution.ExecuteActionsTaskExecuter.execute(ExecuteActionsTaskExecuter.java:135)
	at org.gradle.api.internal.tasks.execution.FinalizePropertiesTaskExecuter.execute(FinalizePropertiesTaskExecuter.java:46)
	at org.gradle.api.internal.tasks.execution.ResolveTaskExecutionModeExecuter.execute(ResolveTaskExecutionModeExecuter.java:51)
	at org.gradle.api.internal.tasks.execution.SkipTaskWithNoActionsExecuter.execute(SkipTaskWithNoActionsExecuter.java:57)
	at org.gradle.api.internal.tasks.execution.SkipOnlyIfTaskExecuter.execute(SkipOnlyIfTaskExecuter.java:74)
	at org.gradle.api.internal.tasks.execution.CatchExceptionTaskExecuter.execute(CatchExceptionTaskExecuter.java:36)
	at org.gradle.api.internal.tasks.execution.EventFiringTaskExecuter$1.executeTask(EventFiringTaskExecuter.java:77)
	at org.gradle.api.internal.tasks.execution.EventFiringTaskExecuter$1.call(EventFiringTaskExecuter.java:55)
	at org.gradle.api.internal.tasks.execution.EventFiringTaskExecuter$1.call(EventFiringTaskExecuter.java:52)
	at org.gradle.internal.operations.DefaultBuildOperationRunner$CallableBuildOperationWorker.execute(DefaultBuildOperationRunner.java:204)
	at org.gradle.internal.operations.DefaultBuildOperationRunner$CallableBuildOperationWorker.execute(DefaultBuildOperationRunner.java:199)
	at org.gradle.internal.operations.DefaultBuildOperationRunner$2.execute(DefaultBuildOperationRunner.java:66)
	at org.gradle.internal.operations.DefaultBuildOperationRunner$2.execute(DefaultBuildOperationRunner.java:59)
	at org.gradle.internal.operations.DefaultBuildOperationRunner.execute(DefaultBuildOperationRunner.java:157)
	at org.gradle.internal.operations.DefaultBuildOperationRunner.execute(DefaultBuildOperationRunner.java:59)
	at org.gradle.internal.operations.DefaultBuildOperationRunner.call(DefaultBuildOperationRunner.java:53)
	at org.gradle.internal.operations.DefaultBuildOperationExecutor.call(DefaultBuildOperationExecutor.java:73)
	at org.gradle.api.internal.tasks.execution.EventFiringTaskExecuter.execute(EventFiringTaskExecuter.java:52)
	at org.gradle.execution.plan.LocalTaskNodeExecutor.execute(LocalTaskNodeExecutor.java:42)
	at org.gradle.execution.taskgraph.DefaultTaskExecutionGraph$InvokeNodeExecutorsAction.execute(DefaultTaskExecutionGraph.java:338)
	at org.gradle.execution.taskgraph.DefaultTaskExecutionGraph$InvokeNodeExecutorsAction.execute(DefaultTaskExecutionGraph.java:325)
	at org.gradle.execution.taskgraph.DefaultTaskExecutionGraph$BuildOperationAwareExecutionAction.execute(DefaultTaskExecutionGraph.java:318)
	at org.gradle.execution.taskgraph.DefaultTaskExecutionGraph$BuildOperationAwareExecutionAction.execute(DefaultTaskExecutionGraph.java:304)
	at org.gradle.execution.plan.DefaultPlanExecutor$ExecutorWorker.execute(DefaultPlanExecutor.java:463)
	at org.gradle.execution.plan.DefaultPlanExecutor$ExecutorWorker.run(DefaultPlanExecutor.java:380)
	at org.gradle.internal.concurrent.ExecutorPolicy$CatchAndRecordFailures.onExecute(ExecutorPolicy.java:64)
	at org.gradle.internal.concurrent.ManagedExecutorImpl$1.run(ManagedExecutorImpl.java:49)
Caused by: java.lang.RuntimeException: Duplicate class kotlin.collections.jdk8.CollectionsJDK8Kt found in modules kotlin-stdlib-1.8.20 (org.jetbrains.kotlin:kotlin-stdlib:1.8.20) and kotlin-stdlib-jdk8-1.7.20 (org.jetbrains.kotlin:kotlin-stdlib-jdk8:1.7.20)
Duplicate class kotlin.internal.jdk7.JDK7PlatformImplementations found in modules kotlin-stdlib-1.8.20 (org.jetbrains.kotlin:kotlin-stdlib:1.8.20) and kotlin-stdlib-jdk7-1.7.20 (org.jetbrains.kotlin:kotlin-stdlib-jdk7:1.7.20)
Duplicate class kotlin.internal.jdk7.JDK7PlatformImplementations$ReflectSdkVersion found in modules kotlin-stdlib-1.8.20 (org.jetbrains.kotlin:kotlin-stdlib:1.8.20) and kotlin-stdlib-jdk7-1.7.20 (org.jetbrains.kotlin:kotlin-stdlib-jdk7:1.7.20)
Duplicate class kotlin.internal.jdk8.JDK8PlatformImplementations found in modules kotlin-stdlib-1.8.20 (org.jetbrains.kotlin:kotlin-stdlib:1.8.20) and kotlin-stdlib-jdk8-1.7.20 (org.jetbrains.kotlin:kotlin-stdlib-jdk8:1.7.20)
Duplicate class kotlin.internal.jdk8.JDK8PlatformImplementations$ReflectSdkVersion found in modules kotlin-stdlib-1.8.20 (org.jetbrains.kotlin:kotlin-stdlib:1.8.20) and kotlin-stdlib-jdk8-1.7.20 (org.jetbrains.kotlin:kotlin-stdlib-jdk8:1.7.20)
Duplicate class kotlin.io.path.DirectoryEntriesReader found in modules kotlin-stdlib-1.8.20 (org.jetbrains.kotlin:kotlin-stdlib:1.8.20) and kotlin-stdlib-jdk7-1.7.20 (org.jetbrains.kotlin:kotlin-stdlib-jdk7:1.7.20)
Duplicate class kotlin.io.path.ExperimentalPathApi found in modules kotlin-stdlib-1.8.20 (org.jetbrains.kotlin:kotlin-stdlib:1.8.20) and kotlin-stdlib-jdk7-1.7.20 (org.jetbrains.kotlin:kotlin-stdlib-jdk7:1.7.20)
Duplicate class kotlin.io.path.FileVisitorBuilder found in modules kotlin-stdlib-1.8.20 (org.jetbrains.kotlin:kotlin-stdlib:1.8.20) and kotlin-stdlib-jdk7-1.7.20 (org.jetbrains.kotlin:kotlin-stdlib-jdk7:1.7.20)
Duplicate class kotlin.io.path.FileVisitorBuilderImpl found in modules kotlin-stdlib-1.8.20 (org.jetbrains.kotlin:kotlin-stdlib:1.8.20) and kotlin-stdlib-jdk7-1.7.20 (org.jetbrains.kotlin:kotlin-stdlib-jdk7:1.7.20)
Duplicate class kotlin.io.path.FileVisitorImpl found in modules kotlin-stdlib-1.8.20 (org.jetbrains.kotlin:kotlin-stdlib:1.8.20) and kotlin-stdlib-jdk7-1.7.20 (org.jetbrains.kotlin:kotlin-stdlib-jdk7:1.7.20)
Duplicate class kotlin.io.path.LinkFollowing found in modules kotlin-stdlib-1.8.20 (org.jetbrains.kotlin:kotlin-stdlib:1.8.20) and kotlin-stdlib-jdk7-1.7.20 (org.jetbrains.kotlin:kotlin-stdlib-jdk7:1.7.20)
Duplicate class kotlin.io.path.PathNode found in modules kotlin-stdlib-1.8.20 (org.jetbrains.kotlin:kotlin-stdlib:1.8.20) and kotlin-stdlib-jdk7-1.7.20 (org.jetbrains.kotlin:kotlin-stdlib-jdk7:1.7.20)
Duplicate class kotlin.io.path.PathRelativizer found in modules kotlin-stdlib-1.8.20 (org.jetbrains.kotlin:kotlin-stdlib:1.8.20) and kotlin-stdlib-jdk7-1.7.20 (org.jetbrains.kotlin:kotlin-stdlib-jdk7:1.7.20)
Duplicate class kotlin.io.path.PathTreeWalk found in modules kotlin-stdlib-1.8.20 (org.jetbrains.kotlin:kotlin-stdlib:1.8.20) and kotlin-stdlib-jdk7-1.7.20 (org.jetbrains.kotlin:kotlin-stdlib-jdk7:1.7.20)
Duplicate class kotlin.io.path.PathTreeWalk$bfsIterator$1 found in modules kotlin-stdlib-1.8.20 (org.jetbrains.kotlin:kotlin-stdlib:1.8.20) and kotlin-stdlib-jdk7-1.7.20 (org.jetbrains.kotlin:kotlin-stdlib-jdk7:1.7.20)
Duplicate class kotlin.io.path.PathTreeWalk$dfsIterator$1 found in modules kotlin-stdlib-1.8.20 (org.jetbrains.kotlin:kotlin-stdlib:1.8.20) and kotlin-stdlib-jdk7-1.7.20 (org.jetbrains.kotlin:kotlin-stdlib-jdk7:1.7.20)
Duplicate class kotlin.io.path.PathTreeWalkKt found in modules kotlin-stdlib-1.8.20 (org.jetbrains.kotlin:kotlin-stdlib:1.8.20) and kotlin-stdlib-jdk7-1.7.20 (org.jetbrains.kotlin:kotlin-stdlib-jdk7:1.7.20)
Duplicate class kotlin.io.path.PathWalkOption found in modules kotlin-stdlib-1.8.20 (org.jetbrains.kotlin:kotlin-stdlib:1.8.20) and kotlin-stdlib-jdk7-1.7.20 (org.jetbrains.kotlin:kotlin-stdlib-jdk7:1.7.20)
Duplicate class kotlin.io.path.PathsKt found in modules kotlin-stdlib-1.8.20 (org.jetbrains.kotlin:kotlin-stdlib:1.8.20) and kotlin-stdlib-jdk7-1.7.20 (org.jetbrains.kotlin:kotlin-stdlib-jdk7:1.7.20)
Duplicate class kotlin.io.path.PathsKt__PathReadWriteKt found in modules kotlin-stdlib-1.8.20 (org.jetbrains.kotlin:kotlin-stdlib:1.8.20) and kotlin-stdlib-jdk7-1.7.20 (org.jetbrains.kotlin:kotlin-stdlib-jdk7:1.7.20)
Duplicate class kotlin.io.path.PathsKt__PathUtilsKt found in modules kotlin-stdlib-1.8.20 (org.jetbrains.kotlin:kotlin-stdlib:1.8.20) and kotlin-stdlib-jdk7-1.7.20 (org.jetbrains.kotlin:kotlin-stdlib-jdk7:1.7.20)
Duplicate class kotlin.jdk7.AutoCloseableKt found in modules kotlin-stdlib-1.8.20 (org.jetbrains.kotlin:kotlin-stdlib:1.8.20) and kotlin-stdlib-jdk7-1.7.20 (org.jetbrains.kotlin:kotlin-stdlib-jdk7:1.7.20)
Duplicate class kotlin.jvm.jdk8.JvmRepeatableKt found in modules kotlin-stdlib-1.8.20 (org.jetbrains.kotlin:kotlin-stdlib:1.8.20) and kotlin-stdlib-jdk8-1.7.20 (org.jetbrains.kotlin:kotlin-stdlib-jdk8:1.7.20)
Duplicate class kotlin.jvm.optionals.OptionalsKt found in modules kotlin-stdlib-1.8.20 (org.jetbrains.kotlin:kotlin-stdlib:1.8.20) and kotlin-stdlib-jdk8-1.7.20 (org.jetbrains.kotlin:kotlin-stdlib-jdk8:1.7.20)
Duplicate class kotlin.random.jdk8.PlatformThreadLocalRandom found in modules kotlin-stdlib-1.8.20 (org.jetbrains.kotlin:kotlin-stdlib:1.8.20) and kotlin-stdlib-jdk8-1.7.20 (org.jetbrains.kotlin:kotlin-stdlib-jdk8:1.7.20)
Duplicate class kotlin.streams.jdk8.StreamsKt found in modules kotlin-stdlib-1.8.20 (org.jetbrains.kotlin:kotlin-stdlib:1.8.20) and kotlin-stdlib-jdk8-1.7.20 (org.jetbrains.kotlin:kotlin-stdlib-jdk8:1.7.20)
Duplicate class kotlin.streams.jdk8.StreamsKt$asSequence$$inlined$Sequence$1 found in modules kotlin-stdlib-1.8.20 (org.jetbrains.kotlin:kotlin-stdlib:1.8.20) and kotlin-stdlib-jdk8-1.7.20 (org.jetbrains.kotlin:kotlin-stdlib-jdk8:1.7.20)
Duplicate class kotlin.streams.jdk8.StreamsKt$asSequence$$inlined$Sequence$2 found in modules kotlin-stdlib-1.8.20 (org.jetbrains.kotlin:kotlin-stdlib:1.8.20) and kotlin-stdlib-jdk8-1.7.20 (org.jetbrains.kotlin:kotlin-stdlib-jdk8:1.7.20)
Duplicate class kotlin.streams.jdk8.StreamsKt$asSequence$$inlined$Sequence$3 found in modules kotlin-stdlib-1.8.20 (org.jetbrains.kotlin:kotlin-stdlib:1.8.20) and kotlin-stdlib-jdk8-1.7.20 (org.jetbrains.kotlin:kotlin-stdlib-jdk8:1.7.20)
Duplicate class kotlin.streams.jdk8.StreamsKt$asSequence$$inlined$Sequence$4 found in modules kotlin-stdlib-1.8.20 (org.jetbrains.kotlin:kotlin-stdlib:1.8.20) and kotlin-stdlib-jdk8-1.7.20 (org.jetbrains.kotlin:kotlin-stdlib-jdk8:1.7.20)
Duplicate class kotlin.text.jdk8.RegexExtensionsJDK8Kt found in modules kotlin-stdlib-1.8.20 (org.jetbrains.kotlin:kotlin-stdlib:1.8.20) and kotlin-stdlib-jdk8-1.7.20 (org.jetbrains.kotlin:kotlin-stdlib-jdk8:1.7.20)
Duplicate class kotlin.time.jdk8.DurationConversionsJDK8Kt found in modules kotlin-stdlib-1.8.20 (org.jetbrains.kotlin:kotlin-stdlib:1.8.20) and kotlin-stdlib-jdk8-1.7.20 (org.jetbrains.kotlin:kotlin-stdlib-jdk8:1.7.20)

Go to the documentation to learn how to <a href="d.android.com/r/tools/classpath-sync-errors">Fix dependency resolution errors</a>.
	at com.android.build.gradle.internal.tasks.CheckDuplicateClassesDelegate.run(CheckDuplicateClassesDelegate.kt:65)
	at com.android.build.gradle.internal.tasks.CheckDuplicatesRunnable.execute(CheckDuplicateClassesDelegate.kt:91)
	at org.gradle.workers.internal.DefaultWorkerServer.execute(DefaultWorkerServer.java:63)
	at org.gradle.workers.internal.NoIsolationWorkerFactory$1$1.create(NoIsolationWorkerFactory.java:66)
	at org.gradle.workers.internal.NoIsolationWorkerFactory$1$1.create(NoIsolationWorkerFactory.java:62)
	at org.gradle.internal.classloader.ClassLoaderUtils.executeInClassloader(ClassLoaderUtils.java:100)
	at org.gradle.workers.internal.NoIsolationWorkerFactory$1.lambda$execute$0(NoIsolationWorkerFactory.java:62)
	at org.gradle.workers.internal.AbstractWorker$1.call(AbstractWorker.java:44)
	at org.gradle.workers.internal.AbstractWorker$1.call(AbstractWorker.java:41)
	at org.gradle.internal.operations.DefaultBuildOperationRunner$CallableBuildOperationWorker.execute(DefaultBuildOperationRunner.java:204)
	at org.gradle.internal.operations.DefaultBuildOperationRunner$CallableBuildOperationWorker.execute(DefaultBuildOperationRunner.java:199)
	at org.gradle.internal.operations.DefaultBuildOperationRunner$2.execute(DefaultBuildOperationRunner.java:66)
	at org.gradle.internal.operations.DefaultBuildOperationRunner$2.execute(DefaultBuildOperationRunner.java:59)
	at org.gradle.internal.operations.DefaultBuildOperationRunner.execute(DefaultBuildOperationRunner.java:157)
	at org.gradle.internal.operations.DefaultBuildOperationRunner.execute(DefaultBuildOperationRunner.java:59)
	at org.gradle.internal.operations.DefaultBuildOperationRunner.call(DefaultBuildOperationRunner.java:53)
	at org.gradle.internal.operations.DefaultBuildOperationExecutor.call(DefaultBuildOperationExecutor.java:73)
	at org.gradle.workers.internal.AbstractWorker.executeWrappedInBuildOperation(AbstractWorker.java:41)
	at org.gradle.workers.internal.NoIsolationWorkerFactory$1.execute(NoIsolationWorkerFactory.java:59)
	at org.gradle.workers.internal.DefaultWorkerExecutor.lambda$submitWork$0(DefaultWorkerExecutor.java:169)
	at org.gradle.internal.work.DefaultConditionalExecutionQueue$ExecutionRunner.runExecution(DefaultConditionalExecutionQueue.java:187)
	at org.gradle.internal.work.DefaultConditionalExecutionQueue$ExecutionRunner.access$700(DefaultConditionalExecutionQueue.java:120)
	at org.gradle.internal.work.DefaultConditionalExecutionQueue$ExecutionRunner$1.run(DefaultConditionalExecutionQueue.java:162)
	at org.gradle.internal.Factories$1.create(Factories.java:31)
	at org.gradle.internal.work.DefaultWorkerLeaseService.withLocks(DefaultWorkerLeaseService.java:249)
	at org.gradle.internal.work.DefaultWorkerLeaseService.runAsWorkerThread(DefaultWorkerLeaseService.java:109)
	at org.gradle.internal.work.DefaultWorkerLeaseService.runAsWorkerThread(DefaultWorkerLeaseService.java:114)
	at org.gradle.internal.work.DefaultConditionalExecutionQueue$ExecutionRunner.runBatch(DefaultConditionalExecutionQueue.java:157)
	at org.gradle.internal.work.DefaultConditionalExecutionQueue$ExecutionRunner.run(DefaultConditionalExecutionQueue.java:126)
	... 2 more


* Get more help at https://help.gradle.org

BUILD FAILED in 4s
32 actionable tasks: 5 executed, 27 up-to-date
2023-06-14T17:21:09.697+0100 [DEBUG] [org.gradle.launcher.daemon.server.exec.ExecuteBuild] The daemon has finished executing the build.
2023-06-14T17:21:09.702+0100 [DEBUG] [org.gradle.launcher.daemon.server.DaemonStateCoordinator] Command execution: finished waiting for DaemonCommandExecution[command = Build{id=cdf52635-1ef1-4547-b137-8467c7b10839, currentDir=/Users/dominicqu/Documents/Year2/DRP/NightGuide}, connection = DefaultDaemonConnection: socket connection from /127.0.0.1:61295 to /127.0.0.1:61298]. Result org.gradle.launcher.daemon.server.DaemonStateCoordinator@6e47e83c with state Busy
2023-06-14T17:21:09.702+0100 [DEBUG] [org.gradle.launcher.daemon.server.DaemonStateCoordinator] Command execution: completed DaemonCommandExecution[command = Build{id=cdf52635-1ef1-4547-b137-8467c7b10839, currentDir=/Users/dominicqu/Documents/Year2/DRP/NightGuide}, connection = DefaultDaemonConnection: socket connection from /127.0.0.1:61295 to /127.0.0.1:61298]
2023-06-14T17:21:09.702+0100 [DEBUG] [org.gradle.launcher.daemon.server.DaemonStateCoordinator] resetting idle timer
2023-06-14T17:21:09.702+0100 [INFO] [org.gradle.launcher.daemon.server.DaemonRegistryUpdater] Marking the daemon as idle, address: [278626a6-83e4-4e68-a5ec-e3924d4e5a82 port:61295, addresses:[localhost/127.0.0.1]]
2023-06-14T17:21:09.702+0100 [DEBUG] [org.gradle.launcher.daemon.registry.PersistentDaemonRegistry] Marking busy by address: [278626a6-83e4-4e68-a5ec-e3924d4e5a82 port:61295, addresses:[localhost/127.0.0.1]]
2023-06-14T17:21:09.702+0100 [DEBUG] [org.gradle.cache.internal.DefaultFileLockManager] Waiting to acquire exclusive lock on daemon addresses registry.
2023-06-14T17:21:09.703+0100 [DEBUG] [org.gradle.cache.internal.DefaultFileLockManager] Lock acquired on daemon addresses registry.
2023-06-14T17:21:09.703+0100 [DEBUG] [org.gradle.cache.internal.DefaultFileLockManager] Releasing lock on daemon addresses registry.
2023-06-14T17:21:09.703+0100 [DEBUG] [org.gradle.launcher.daemon.server.exec.ReturnResult] Daemon is dispatching the build result: Success[value=org.gradle.launcher.exec.BuildActionResult@2e32ab40]
2023-06-14T17:21:09.704+0100 [DEBUG] [org.gradle.launcher.daemon.server.SynchronizedDispatchConnection] thread 20: dispatching Success[value=org.gradle.launcher.exec.BuildActionResult@2e32ab40]
2023-06-14T17:21:09.703+0100 [DEBUG] [org.gradle.launcher.daemon.server.DaemonStateCoordinator] daemon is running. Sleeping until state changes.
2023-06-14T17:21:09.704+0100 [DEBUG] [org.gradle.launcher.daemon.server.DefaultIncomingConnectionHandler] Finishing executing command: Build{id=cdf52635-1ef1-4547-b137-8467c7b10839, currentDir=/Users/dominicqu/Documents/Year2/DRP/NightGuide}
2023-06-14T17:21:09.707+0100 [DEBUG] [org.gradle.launcher.daemon.server.SynchronizedDispatchConnection] thread 139: received class org.gradle.launcher.daemon.protocol.Finished
2023-06-14T17:21:09.707+0100 [DEBUG] [org.gradle.launcher.daemon.server.DefaultDaemonConnection] thread 139: Received non-IO message from client: org.gradle.launcher.daemon.protocol.Finished@6a1d4d9e
2023-06-14T17:21:09.707+0100 [DEBUG] [org.gradle.internal.remote.internal.inet.SocketConnection] Discarding EOFException: java.io.EOFException
2023-06-14T17:21:09.708+0100 [DEBUG] [org.gradle.launcher.daemon.server.SynchronizedDispatchConnection] thread 139: received null
2023-06-14T17:21:09.708+0100 [DEBUG] [org.gradle.launcher.daemon.server.DefaultDaemonConnection] thread 139: Received end-of-input from client.
2023-06-14T17:21:09.708+0100 [DEBUG] [org.gradle.launcher.daemon.server.DefaultIncomingConnectionHandler] Received finished message: org.gradle.launcher.daemon.protocol.Finished@6a1d4d9e
2023-06-14T17:21:09.708+0100 [DEBUG] [org.gradle.launcher.daemon.server.SynchronizedDispatchConnection] thread 20: stopping connection
2023-06-14T17:21:09.718+0100 [DEBUG] [org.gradle.launcher.daemon.server.SynchronizedDispatchConnection] thread 20: stopping connection
2023-06-14T17:21:13.483+0100 [DEBUG] [org.gradle.cache.internal.DefaultFileLockManager] Waiting to acquire shared lock on daemon addresses registry.
2023-06-14T17:21:13.485+0100 [DEBUG] [org.gradle.cache.internal.DefaultFileLockManager] Lock acquired on daemon addresses registry.
2023-06-14T17:21:13.487+0100 [DEBUG] [org.gradle.cache.internal.DefaultFileLockManager] Releasing lock on daemon addresses registry.
2023-06-14T17:21:13.488+0100 [DEBUG] [org.gradle.cache.internal.DefaultFileLockManager] Waiting to acquire shared lock on daemon addresses registry.
2023-06-14T17:21:13.488+0100 [DEBUG] [org.gradle.cache.internal.DefaultFileLockManager] Lock acquired on daemon addresses registry.
2023-06-14T17:21:13.489+0100 [DEBUG] [org.gradle.cache.internal.DefaultFileLockManager] Releasing lock on daemon addresses registry.
